now,doc,size(MB),storageSize(MB),chunk
2016-03-25 15:11:14,0,,,0
2016-03-25 15:11:24,0,,,0
2016-03-25 15:11:35,146915,34,9,0
2016-03-25 15:11:45,238421,56,13,0
2016-03-25 15:11:55,480129,113,30,0
2016-03-25 15:12:05,566150,134,37,0
2016-03-25 15:12:15,764173,181,53,0
2016-03-25 15:12:26,928502,220,62,0
2016-03-25 15:12:36,1055704,251,74,0
2016-03-25 15:12:46,1225613,290,85,0
2016-03-25 15:12:56,1315611,311,90,0
2016-03-25 15:13:07,1478167,351,104,0
2016-03-25 15:13:17,1654207,392,116,0
2016-03-25 15:13:27,1832820,434,127,0
2016-03-25 15:13:38,1957674,464,136,0
2016-03-25 15:13:48,2106329,499,148,0
2016-03-25 15:13:58,2301089,546,162,0
2016-03-25 15:14:08,2446732,580,171,0
2016-03-25 15:14:19,2590338,614,181,0
2016-03-25 15:14:29,2709461,642,190,0
2016-03-25 15:14:39,2875576,682,201,0
2016-03-25 15:14:49,3060451,726,215,0
2016-03-25 15:15:00,3187425,755,222,0
2016-03-25 15:15:10,3369358,799,234,0
2016-03-25 15:15:20,3481250,825,243,0
2016-03-25 15:15:30,3653644,866,257,0
2016-03-25 15:15:40,3827101,907,269,0
2016-03-25 15:15:51,3949525,936,278,0
2016-03-25 15:16:01,4094399,970,287,0
2016-03-25 15:16:11,4213562,998,297,0
2016-03-25 15:16:21,4397015,1042,308,0
2016-03-25 15:16:32,4532665,1074,318,0
2016-03-25 15:16:42,4706855,1115,331,0
2016-03-25 15:16:52,4855032,1151,341,0
2016-03-25 15:17:02,4970429,1178,350,0
2016-03-25 15:17:13,5132849,1217,362,0
2016-03-25 15:17:23,5332123,1264,376,0
2016-03-25 15:17:33,5436579,1289,383,0
2016-03-25 15:17:43,5619013,1332,394,0
2016-03-25 15:17:53,5760659,1365,406,0
2016-03-25 15:18:04,5881012,1394,413,0
2016-03-25 15:18:14,6031153,1429,424,0
2016-03-25 15:18:24,6167956,1462,434,0
2016-03-25 15:18:34,6318239,1498,445,0
2016-03-25 15:18:45,6506663,1542,457,0
2016-03-25 15:18:55,6599982,1564,464,0
2016-03-25 15:19:05,6755735,1601,475,0
2016-03-25 15:19:15,6911488,1638,487,0
2016-03-25 15:19:26,7081233,1678,499,0
2016-03-25 15:19:36,7209047,1709,508,0
2016-03-25 15:19:46,7365078,1746,517,0
2016-03-25 15:19:56,7514951,1781,529,0
2016-03-25 15:20:07,7702411,1826,543,0
2016-03-25 15:20:17,7871388,1866,554,0
2016-03-25 15:20:27,7985466,1894,561,0
2016-03-25 15:20:37,8144512,1930,573,0
2016-03-25 15:20:47,8287050,1964,582,0
2016-03-25 15:20:58,8440810,2001,594,0
2016-03-25 15:21:08,8580734,2034,603,0
2016-03-25 15:21:18,8751873,2074,615,0
2016-03-25 15:21:28,8905708,2111,626,0
2016-03-25 15:21:39,9073158,2151,638,0
2016-03-25 15:21:49,9166477,2173,645,0
2016-03-25 15:21:59,9345817,2215,659,0
2016-03-25 15:22:09,9463856,2243,666,0
2016-03-25 15:22:20,9592328,2274,675,0
2016-03-25 15:22:30,9809036,2325,691,0
2016-03-25 15:22:40,9920021,2352,698,0
2016-03-25 15:22:50,10113383,2398,712,0
2016-03-25 15:23:01,10226211,2424,719,0
2016-03-25 15:23:11,10384333,2462,731,0
2016-03-25 15:23:21,10524714,2495,740,0
2016-03-25 15:23:31,10696252,2535,754,0
2016-03-25 15:23:42,10827388,2567,763,0
2016-03-25 15:23:52,10981457,2603,773,0
2016-03-25 15:24:02,11127886,2638,784,0
2016-03-25 15:24:12,11319939,2684,798,0
2016-03-25 15:24:22,11493908,2725,810,0
2016-03-25 15:24:33,11615443,2753,819,0
2016-03-25 15:24:43,11730722,2781,826,0
2016-03-25 15:24:53,11849920,2809,835,0
2016-03-25 15:25:03,12007011,2846,845,0
2016-03-25 15:25:13,12213294,2895,861,0
2016-03-25 15:25:24,12335730,2924,868,0
2016-03-25 15:25:34,12483765,2959,879,0
2016-03-25 15:25:44,12696316,3010,893,0
2016-03-25 15:25:54,12823374,3040,903,0
2016-03-25 15:26:05,12967853,3074,914,0
2016-03-25 15:26:15,13120376,3110,923,0
2016-03-25 15:26:25,13273912,3147,935,0
2016-03-25 15:26:35,13435658,3186,947,0
2016-03-25 15:26:46,13610665,3226,958,0
2016-03-25 15:26:56,13702519,3248,965,0
2016-03-25 15:27:06,13889661,3293,979,0
2016-03-25 15:27:16,14029552,3326,988,0
2016-03-25 15:27:27,14176298,3361,998,0
2016-03-25 15:27:37,14295429,3389,1007,0
2016-03-25 15:27:47,14443850,3424,1016,0
2016-03-25 15:27:57,14594006,3460,1028,0
2016-03-25 15:28:08,14720559,3490,1037,0
2016-03-25 15:28:18,14879487,3527,1049,0
2016-03-25 15:28:28,15046899,3567,1060,0
2016-03-25 15:28:38,15176911,3598,1070,0
2016-03-25 15:28:49,15347643,3638,1081,0
2016-03-25 15:28:59,15488008,3672,1091,0
2016-03-25 15:29:09,15680817,3717,1105,0
2016-03-25 15:29:19,15832269,3753,1116,0
2016-03-25 15:29:29,15950034,3781,1123,0
2016-03-25 15:29:40,16102104,3817,1135,0
2016-03-25 15:29:50,16247488,3852,1144,0
2016-03-25 15:30:00,16374960,3882,1153,0
2016-03-25 15:30:10,16501513,3912,1163,0
2016-03-25 15:30:21,16706697,3960,1177,0
2016-03-25 15:30:31,16821415,3988,1186,0
2016-03-25 15:30:41,17006364,4032,1198,0
2016-03-25 15:30:51,17129239,4061,1207,0
2016-03-25 15:31:02,17303257,4102,1218,0
2016-03-25 15:31:12,17467968,4141,1228,0
2016-03-25 15:31:22,17631423,4180,1241,0
2016-03-25 15:31:32,17778293,4215,1251,0
2016-03-25 15:31:42,17946059,4254,1268,0
2016-03-25 15:31:53,18106461,4293,1275,0
2016-03-25 15:32:03,18277865,4333,1291,0
2016-03-25 15:32:13,18398981,4362,1293,0
2016-03-25 15:32:23,18519937,4390,1307,0
2016-03-25 15:32:34,18706135,4435,1316,0
2016-03-25 15:32:44,18848673,4468,1330,0
2016-03-25 15:32:54,18998655,4505,1340,0
2016-03-25 15:33:04,19182822,4548,1351,0
2016-03-25 15:33:15,19299474,4575,1363,0
2016-03-25 15:33:25,19450298,4611,1372,0
2016-03-25 15:33:35,19675027,4664,1388,0
2016-03-25 15:33:45,19797425,4694,1394,0
2016-03-25 15:33:56,19931757,4725,1394,0
2016-03-25 15:34:06,20114773,4769,1416,0
2016-03-25 15:34:16,20319791,4817,1434,0
2016-03-25 15:34:26,20446382,4847,1441,0
2016-03-25 15:34:36,20601243,4884,1453,0
2016-03-25 15:34:47,20749322,4920,1465,0
2016-03-25 15:34:57,20931062,4962,1474,0
2016-03-25 15:35:07,21083195,4998,1488,0
2016-03-25 15:35:17,21245902,5037,1502,0
2016-03-25 15:35:28,21384112,5069,1509,0
2016-03-25 15:35:38,21534550,5105,1520,0
2016-03-25 15:35:48,21665687,5136,1527,0
2016-03-25 15:35:58,21808225,5170,1539,0
2016-03-25 15:36:09,21934778,5200,1548,0
2016-03-25 15:36:19,22108945,5241,1562,0
2016-03-25 15:36:29,22261538,5277,1569,0
2016-03-25 15:36:39,22402157,5311,1578,0
2016-03-25 15:36:50,22558707,5348,1591,0
2016-03-25 15:37:00,22773318,5399,1603,0
2016-03-25 15:37:10,22915230,5433,1615,0
2016-03-25 15:37:20,22981535,5448,1615,0
2016-03-25 15:37:30,23207280,5502,1636,0
2016-03-25 15:37:41,23355066,5537,1647,0
2016-03-25 15:37:51,23504426,5573,1659,0
2016-03-25 15:38:01,23628201,5602,1666,0
2016-03-25 15:38:11,23756458,5632,1671,0
2016-03-25 15:38:22,23949239,5678,1687,0
2016-03-25 15:38:32,24101304,5714,1701,0
2016-03-25 15:38:42,24238182,5746,1710,0
2016-03-25 15:38:52,24391942,5783,1719,0
2016-03-25 15:39:03,24523079,5814,1728,0
2016-03-25 15:39:13,24691294,5854,1742,0
2016-03-25 15:39:23,24862635,5895,1752,0
2016-03-25 15:39:34,24997585,5926,1763,0
2016-03-25 15:39:44,25176701,5969,1777,0
2016-03-25 15:39:55,25304545,5999,1784,0
2016-03-25 15:40:05,25447998,6033,1793,0
2016-03-25 15:40:15,25598029,6069,1805,0
2016-03-25 15:40:25,25729573,6100,1809,0
2016-03-25 15:40:35,25877994,6135,1823,0
2016-03-25 15:40:46,26018829,6169,1835,0
2016-03-25 15:40:56,26181400,6207,1844,0
2016-03-25 15:41:06,26297241,6234,1853,0
2016-03-25 15:41:16,26469866,6275,1867,0
2016-03-25 15:41:27,26667934,6322,1881,0
2016-03-25 15:41:37,26747774,6341,1886,0
2016-03-25 15:41:47,26912589,6381,1897,0
2016-03-25 15:41:57,27057244,6414,1907,0
2016-03-25 15:42:07,27230287,6456,1921,0
2016-03-25 15:42:18,27397047,6496,1923,0
2016-03-25 15:42:28,27501940,6520,1934,0
2016-03-25 15:42:38,27703949,6568,1955,0
2016-03-25 15:42:48,27808125,6593,1962,0
2016-03-25 15:42:59,27991143,6636,1976,0
2016-03-25 15:43:09,28141051,6672,1985,0
2016-03-25 15:43:19,28290622,6707,1995,0
2016-03-25 15:43:29,28432675,6741,2006,0
2016-03-25 15:43:39,28563655,6772,2013,0
2016-03-25 15:43:50,28719404,6809,2025,0
2016-03-25 15:44:00,28873164,6845,2036,0
2016-03-25 15:44:10,28995111,6874,2046,0
2016-03-25 15:44:20,29183982,6919,2062,0
2016-03-25 15:44:31,29351315,6958,2062,0
2016-03-25 15:44:41,29496282,6993,2078,0
2016-03-25 15:44:51,29620916,7022,2089,0
2016-03-25 15:45:01,29775428,7059,2099,0
2016-03-25 15:45:12,29927152,7095,2113,0
2016-03-25 15:45:22,30131609,7144,2126,0
2016-03-25 15:45:32,30220754,7165,2133,0
2016-03-25 15:45:43,30393037,7206,2140,0
2016-03-25 15:45:53,30550348,7243,2152,0
2016-03-25 15:46:03,30723090,7284,2166,0
2016-03-25 15:46:13,30820744,7307,2175,0
2016-03-25 15:46:23,31039150,7359,2187,0
2016-03-25 15:46:34,31167327,7389,2198,0
2016-03-25 15:46:44,31306368,7422,2207,0
2016-03-25 15:46:54,31427325,7451,2217,0
2016-03-25 15:47:05,31604136,7493,2228,0
2016-03-25 15:47:15,31728005,7522,2235,0
2016-03-25 15:47:25,31906842,7564,2251,0
2016-03-25 15:47:35,32058913,7600,2263,0
2016-03-25 15:47:45,32220016,7639,2275,0
2016-03-25 15:47:56,32402682,7682,2286,0
2016-03-25 15:48:06,32527317,7711,2295,0
2016-03-25 15:48:16,32638116,7738,2302,0
2016-03-25 15:48:26,32813479,7780,2316,0
2016-03-25 15:48:37,32988810,7821,2328,0
2016-03-25 15:48:47,33089488,7845,2335,0
2016-03-25 15:48:57,33259387,7885,2349,0
2016-03-25 15:49:07,33450658,7930,2354,0
2016-03-25 15:49:18,33579286,7961,2370,0
2016-03-25 15:49:28,33701463,7990,2374,0
2016-03-25 15:49:38,33834016,8021,2386,0
2016-03-25 15:49:48,33967511,8053,2397,0
2016-03-25 15:49:58,34105728,8086,2404,0
2016-03-25 15:50:09,34299248,8131,2426,0
2016-03-25 15:50:19,34420364,8160,2426,0
2016-03-25 15:50:29,34548830,8191,2437,0
2016-03-25 15:50:39,34730232,8234,2453,0
2016-03-25 15:50:50,34878425,8269,2463,0
2016-03-25 15:51:00,35015068,8301,2472,0
2016-03-25 15:51:10,35192103,8343,2488,0
2016-03-25 15:51:20,35318417,8373,2495,0
2016-03-25 15:51:30,35498273,8416,2509,0
2016-03-25 15:51:41,35627764,8446,2518,0
2016-03-25 15:51:51,35795214,8486,2527,0
2016-03-25 15:52:01,35948750,8523,2537,0
2016-03-25 15:52:11,36100247,8558,2546,0
2016-03-25 15:52:22,36247203,8593,2560,0
2016-03-25 15:52:32,36371838,8623,2567,0
2016-03-25 15:52:42,36554656,8666,2581,0
2016-03-25 15:52:53,36711812,8703,2595,0
2016-03-25 15:53:03,36829572,8731,2602,0
2016-03-25 15:53:13,37024109,8778,2616,0
2016-03-25 15:53:23,37131787,8803,2620,0
2016-03-25 15:53:33,37317160,8847,2636,0
2016-03-25 15:53:44,37426366,8873,2646,0
2016-03-25 15:53:54,37557336,8904,2650,0
2016-03-25 15:54:04,37804830,8963,2671,0
2016-03-25 15:54:14,37907348,8987,2678,0
2016-03-25 15:54:25,38093149,9031,2690,0
2016-03-25 15:54:35,38212150,9059,2699,0
2016-03-25 15:54:45,38389904,9102,2710,0
2016-03-25 15:54:55,38548846,9139,2720,0
2016-03-25 15:55:06,38612306,9155,2724,0
2016-03-25 15:55:16,38825711,9205,2743,0
2016-03-25 15:55:26,38979546,9241,2754,0
2016-03-25 15:55:36,39102910,9271,2759,0
2016-03-25 15:55:47,39242303,9303,2771,0
2016-03-25 15:55:57,39396063,9340,2780,0
2016-03-25 15:56:07,39535001,9373,2791,0
2016-03-25 15:56:17,39676922,9407,2801,0
2016-03-25 15:56:27,39818461,9441,2815,0
2016-03-25 15:56:38,39960014,9474,2820,0
2016-03-25 15:56:48,40121795,9512,2834,0
2016-03-25 15:56:58,40316033,9558,2847,0
2016-03-25 15:57:08,40440145,9587,2847,0
2016-03-25 15:57:19,40600540,9625,2868,0
2016-03-25 15:57:29,40747300,9660,2878,0
2016-03-25 15:57:39,40908876,9699,2889,0
2016-03-25 15:57:50,41107108,9746,2903,0
2016-03-25 15:58:00,41199517,9767,2910,0
2016-03-25 15:58:10,41349731,9803,2917,0
2016-03-25 15:58:20,41502784,9840,2930,0
2016-03-25 15:58:31,41662138,9877,2942,0
2016-03-25 15:58:41,41836197,9918,2954,0
2016-03-25 15:58:51,41982385,9954,2966,0
2016-03-25 15:59:01,42164477,9997,2977,0
2016-03-25 15:59:12,42311910,10031,2986,0
2016-03-25 15:59:22,42438629,10061,2996,0
2016-03-25 15:59:32,42554431,10089,3005,0
2016-03-25 15:59:42,42715238,10127,3016,0
2016-03-25 15:59:53,42897855,10170,3028,0
2016-03-25 16:00:03,43058812,10208,3037,0
2016-03-25 16:00:13,43218776,10246,3053,0
2016-03-25 16:00:23,43337939,10274,3060,0
2016-03-25 16:00:34,43491832,10311,3070,0
2016-03-25 16:00:44,43612789,10340,3081,0
2016-03-25 16:00:54,43794060,10383,3091,0
2016-03-25 16:01:04,43886628,10405,3100,0
2016-03-25 16:01:15,44028932,10439,3109,0
2016-03-25 16:01:25,44251389,10491,3125,0
2016-03-25 16:01:35,44406251,10528,3137,0
2016-03-25 16:01:45,44560782,10565,3144,0
2016-03-25 16:01:56,44704877,10599,3158,0
2016-03-25 16:02:06,44822637,10626,3158,0
2016-03-25 16:02:16,44979129,10664,3176,0
2016-03-25 16:02:26,45128707,10699,3185,0
2016-03-25 16:02:36,45273244,10733,3199,0
2016-03-25 16:02:47,45368834,10756,3202,0
2016-03-25 16:02:57,45555640,10801,3220,0
2016-03-25 16:03:07,45699338,10834,3225,0
2016-03-25 16:03:17,45899984,10883,3241,0
2016-03-25 16:03:28,46028812,10912,3250,0
2016-03-25 16:03:38,46169685,10946,3260,0
2016-03-25 16:03:48,46352416,10989,3266,0
2016-03-25 16:03:58,46462282,11015,3278,0
2016-03-25 16:04:09,46600932,11048,3287,0
2016-03-25 16:04:19,46779470,11090,3303,0
2016-03-25 16:04:29,46932063,11127,3313,0
2016-03-25 16:04:39,47063034,11158,3320,0
2016-03-25 16:04:49,47209994,11192,3331,0
2016-03-25 16:05:00,47341754,11224,3340,0
2016-03-25 16:05:10,47522353,11267,3357,0
2016-03-25 16:05:20,47688722,11306,3368,0
2016-03-25 16:05:30,47822615,11338,3378,0
2016-03-25 16:05:41,47934564,11364,3378,0
2016-03-25 16:05:51,48080298,11399,3389,0
2016-03-25 16:06:01,48262090,11442,3405,0
2016-03-25 16:06:11,48384267,11471,3415,0
2016-03-25 16:06:22,48631776,11530,3431,0
2016-03-25 16:06:32,48753953,11559,3442,0
2016-03-25 16:06:42,48918129,11598,3456,0
2016-03-25 16:06:52,49049201,11629,3463,0
2016-03-25 16:07:03,49172076,11658,3472,0
2016-03-25 16:07:13,49346301,11699,3484,0
2016-03-25 16:07:23,49472854,11729,3493,0
2016-03-25 16:07:33,49662107,11774,3507,0
2016-03-25 16:07:44,49815867,11811,3514,0
2016-03-25 16:07:54,49954170,11843,3523,0
2016-03-25 16:08:04,50113339,11881,3539,0
2016-03-25 16:08:14,50281365,11921,3551,0
2016-03-25 16:08:24,50429298,11956,3556,0
2016-03-25 16:08:35,50553576,11985,3579,0
2016-03-25 16:08:45,50735357,12028,3586,0
2016-03-25 16:08:55,50877003,12062,3596,0
2016-03-25 16:09:05,51004959,12092,3605,0
2016-03-25 16:09:16,51163892,12130,3614,0
2016-03-25 16:09:26,51309724,12164,3623,0
2016-03-25 16:09:36,51463617,12201,3640,0
2016-03-25 16:09:46,51610377,12236,3647,0
2016-03-25 16:09:57,51755344,12270,3654,0
2016-03-25 16:10:07,51907477,12306,3667,0
2016-03-25 16:10:17,52037338,12337,3674,0
2016-03-25 16:10:27,52203941,12377,3688,0
2016-03-25 16:10:38,52331815,12407,3701,0
2016-03-25 16:10:48,52510367,12449,3711,0
2016-03-25 16:10:58,52643752,12481,3723,0
2016-03-25 16:11:08,52850955,12530,3735,0
2016-03-25 16:11:18,52979377,12561,3744,0
2016-03-25 16:11:29,53148191,12601,3751,0
2016-03-25 16:11:39,53295309,12636,3768,0
2016-03-25 16:11:49,53442087,12670,3774,0
2016-03-25 16:11:59,53576733,12702,3785,0
2016-03-25 16:12:10,53736980,12740,3797,0
2016-03-25 16:12:20,53878201,12773,3806,0
2016-03-25 16:12:30,54081640,12822,3818,0
2016-03-25 16:12:40,54173682,12844,3831,0
2016-03-25 16:12:51,54342482,12884,3841,0
2016-03-25 16:13:01,54439761,12907,3848,0
2016-03-25 16:13:11,54617297,12949,3855,0
2016-03-25 16:13:21,54796816,12992,3871,0
2016-03-25 16:13:32,54936343,13024,3883,0
2016-03-25 16:13:42,55062106,13054,3890,0
2016-03-25 16:13:52,55192982,13086,3896,0
2016-03-25 16:14:02,55370154,13127,3910,0
2016-03-25 16:14:13,55477314,13153,3917,0
2016-03-25 16:14:23,55627002,13188,3929,0
2016-03-25 16:14:33,55794451,13228,3943,0
2016-03-25 16:14:43,55947987,13264,3956,0
2016-03-25 16:14:54,56086460,13297,3964,0
2016-03-25 16:15:04,56246444,13335,3975,0
2016-03-25 16:15:14,56450019,13384,3989,0
2016-03-25 16:15:24,56594068,13417,3996,0
2016-03-25 16:15:35,56708740,13445,4001,0
2016-03-25 16:15:45,56862717,13481,4021,0
2016-03-25 16:15:55,56962657,13505,4024,0
2016-03-25 16:16:05,57114348,13541,4035,0
2016-03-25 16:16:16,57290251,13583,4047,0
2016-03-25 16:16:26,57429087,13616,4057,0
2016-03-25 16:16:36,57541776,13642,4065,0
2016-03-25 16:16:46,57753966,13693,4083,0
2016-03-25 16:16:56,57919203,13732,4091,0
2016-03-25 16:17:07,58067418,13767,4105,0
2016-03-25 16:17:17,58216097,13802,4114,0
2016-03-25 16:17:27,58329447,13829,4114,0
2016-03-25 16:17:37,58489261,13867,4133,0
2016-03-25 16:17:48,58605063,13894,4144,0
2016-03-25 16:17:58,58781912,13936,4151,0
2016-03-25 16:18:08,58911645,13967,4163,0
2016-03-25 16:18:18,59039601,13997,4172,0
2016-03-25 16:18:29,59261346,14050,4186,0
2016-03-25 16:18:39,59393359,14081,4195,0
2016-03-25 16:18:49,59569160,14123,4212,0
2016-03-25 16:18:59,59690116,14151,4218,0
2016-03-25 16:19:09,59842191,14187,4228,0
2016-03-25 16:19:20,60029286,14232,4241,0
2016-03-25 16:19:30,60184270,14269,4251,0
2016-03-25 16:19:40,60349712,14308,4262,0
2016-03-25 16:19:51,60478127,14338,4276,0
2016-03-25 16:20:01,60652328,14380,4285,0
2016-03-25 16:20:11,60780284,14410,4292,0
2016-03-25 16:20:21,60900540,14439,4302,0
2016-03-25 16:20:32,61074897,14480,4306,0
2016-03-25 16:20:42,61235291,14518,4327,0
2016-03-25 16:20:52,61421481,14562,4339,0
2016-03-25 16:21:02,61563947,14596,4348,0
2016-03-25 16:21:13,61709061,14630,4357,0
2016-03-25 16:21:23,61870301,14668,4371,0
2016-03-25 16:21:33,62074314,14717,4383,0
2016-03-25 16:21:43,62204027,14747,4383,0
2016-03-25 16:21:53,62325143,14776,4403,0
2016-03-25 16:22:04,62476579,14812,4415,0
2016-03-25 16:22:14,62651514,14854,4427,0
2016-03-25 16:22:24,62818373,14894,4438,0
2016-03-25 16:22:35,62959785,14927,4447,0
2016-03-25 16:22:45,63084419,14956,4457,0
2016-03-25 16:22:55,63249346,14996,4468,0
2016-03-25 16:23:05,63376415,15025,4478,0
2016-03-25 16:23:16,63499290,15055,4487,0
2016-03-25 16:23:26,63729382,15109,4503,0
2016-03-25 16:23:36,63859919,15140,4512,0
2016-03-25 16:23:46,63962145,15164,4517,0
2016-03-25 16:23:56,64164408,15212,4531,0
2016-03-25 16:24:07,64319487,15249,4545,0
2016-03-25 16:24:17,64468308,15284,4554,0
2016-03-25 16:24:27,64601791,15316,4563,0
2016-03-25 16:24:37,64720234,15344,4575,0
2016-03-25 16:24:48,64854092,15376,4582,0
2016-03-25 16:24:58,65083130,15430,4600,0
2016-03-25 16:25:08,65218254,15462,4607,0
2016-03-25 16:25:18,65388635,15502,4619,0
2016-03-25 16:25:29,65508681,15531,4628,0
2016-03-25 16:25:39,65730685,15584,4644,0
2016-03-25 16:25:49,65855320,15613,4651,0
2016-03-25 16:25:59,65959641,15638,4658,0
2016-03-25 16:26:10,66125716,15677,4667,0
2016-03-25 16:26:20,66279909,15714,4683,0
2016-03-25 16:26:30,66452087,15755,4695,0
2016-03-25 16:26:40,66598847,15789,4704,0
2016-03-25 16:26:51,66782031,15833,4718,0
2016-03-25 16:27:01,66899791,15861,4725,0
2016-03-25 16:27:11,67026344,15891,4737,0
2016-03-25 16:27:21,67212484,15935,4751,0
2016-03-25 16:27:32,67327201,15962,4756,0
2016-03-25 16:27:42,67505871,16004,4774,0
2016-03-25 16:27:52,67633163,16035,4784,0
2016-03-25 16:28:02,67776727,16069,4790,0
2016-03-25 16:28:12,67982860,16118,4800,0
2016-03-25 16:28:23,68105470,16147,4814,0
2016-03-25 16:28:33,68262453,16184,4818,0
2016-03-25 16:28:43,68410699,16219,4834,0
2016-03-25 16:28:53,68626039,16270,4848,0
2016-03-25 16:29:04,68725712,16294,4855,0
2016-03-25 16:29:14,68899548,16335,4872,0
2016-03-25 16:29:24,69055586,16372,4881,0
2016-03-25 16:29:34,69196524,16405,4890,0
2016-03-25 16:29:45,69372905,16447,4902,0
2016-03-25 16:29:55,69513970,16481,4913,0
2016-03-25 16:30:05,69719682,16529,4927,0
2016-03-25 16:30:15,69862280,16563,4939,0
2016-03-25 16:30:26,69988833,16593,4948,0
2016-03-25 16:30:36,70158653,16633,4959,0
2016-03-25 16:30:46,70311805,16670,4971,0
2016-03-25 16:30:56,70427747,16697,4976,0
2016-03-25 16:31:07,70604439,16739,4989,0
2016-03-25 16:31:17,70766134,16777,5001,0
2016-03-25 16:31:27,70897269,16809,5013,0
2016-03-25 16:31:37,71065730,16848,5022,0
2016-03-25 16:31:48,71201941,16882,5033,0
2016-03-25 16:31:58,71399977,16928,5043,0
2016-03-25 16:32:08,71524646,16958,5054,0
2016-03-25 16:32:19,71649788,16987,5066,0
2016-03-25 16:32:29,71826421,17029,5075,0
2016-03-25 16:32:39,71996188,17069,5089,0
2016-03-25 16:32:49,72152107,17106,5098,0
2016-03-25 16:32:59,72291183,17139,5110,0
2016-03-25 16:33:10,72451637,17178,5121,0
2016-03-25 16:33:20,72600999,17212,5128,0
2016-03-25 16:33:30,72757550,17250,5135,0
2016-03-25 16:33:41,72896852,17283,5135,0
2016-03-25 16:33:51,73085087,17327,5165,0
2016-03-25 16:34:01,73229752,17362,5175,0
2016-03-25 16:34:11,73387692,17399,5179,0
2016-03-25 16:34:22,73531668,17433,5193,0
2016-03-25 16:34:32,73659484,17463,5205,0
2016-03-25 16:34:42,73835180,17505,5219,0
2016-03-25 16:34:52,73977268,17539,5228,0
2016-03-25 16:35:02,74185968,17589,5242,0
2016-03-25 16:35:13,74294903,17615,5251,0
2016-03-25 16:35:23,74502528,17663,5267,0
2016-03-25 16:35:33,74621651,17692,5277,0
2016-03-25 16:35:43,74767385,17726,5281,0
2016-03-25 16:35:54,74912811,17761,5295,0
2016-03-25 16:36:04,75088827,17802,5307,0
2016-03-25 16:36:14,75282169,17848,5323,0
2016-03-25 16:36:24,75397488,17875,5327,0
2016-03-25 16:36:35,75554702,17913,5341,0
2016-03-25 16:36:45,75701462,17948,5348,0
2016-03-25 16:36:55,75853682,17984,5362,0
2016-03-25 16:37:05,75946856,18006,5367,0
2016-03-25 16:37:15,76123330,18048,5378,0
2016-03-25 16:37:26,76287440,18086,5391,0
2016-03-25 16:37:36,76492852,18135,5399,0
2016-03-25 16:37:46,76645228,18172,5415,0
2016-03-25 16:37:56,76799864,18208,5427,0
2016-03-25 16:38:07,76917510,18236,5436,0
2016-03-25 16:38:17,77040807,18265,5441,0
2016-03-25 16:38:27,77241500,18313,5457,0
2016-03-25 16:38:37,77377633,18345,5464,0
2016-03-25 16:38:47,77513492,18378,5478,0
2016-03-25 16:38:58,77678424,18416,5489,0
2016-03-25 16:39:08,77843659,18456,5503,0
2016-03-25 16:39:18,77983018,18488,5510,0
2016-03-25 16:39:28,78098859,18516,5520,0
2016-03-25 16:39:39,78277471,18558,5531,0
2016-03-25 16:39:49,78428906,18594,5540,0
2016-03-25 16:39:59,78579142,18630,5552,0
2016-03-25 16:40:09,78680803,18654,5559,0
2016-03-25 16:40:20,78868726,18699,5573,0
2016-03-25 16:40:30,78981237,18725,5584,0
2016-03-25 16:40:40,79218849,18782,5598,0
2016-03-25 16:40:50,79343049,18811,5607,0
2016-03-25 16:41:01,79488310,18846,5617,0
2016-03-25 16:41:11,79651643,18884,5628,0
2016-03-25 16:41:21,79796644,18918,5635,0
2016-03-25 16:41:31,79910261,18945,5649,0
2016-03-25 16:41:42,80075169,18985,5654,0
2016-03-25 16:41:52,80267819,19030,5675,0
2016-03-25 16:42:02,80418419,19066,5684,0
2016-03-25 16:42:12,80541137,19095,5691,0
2016-03-25 16:42:22,80665448,19125,5702,0
2016-03-25 16:42:33,80873115,19174,5714,0
2016-03-25 16:42:43,81017592,19208,5728,0
2016-03-25 16:42:53,81196981,19251,5737,0
2016-03-25 16:43:03,81338246,19285,5749,0
2016-03-25 16:43:14,81462851,19314,5756,0
2016-03-25 16:43:24,81632392,19354,5767,0
2016-03-25 16:43:34,81760298,19384,5777,0
2016-03-25 16:43:44,81933112,19425,5786,0
2016-03-25 16:43:54,82084443,19461,5802,0
2016-03-25 16:44:05,82229410,19495,5807,0
2016-03-25 16:44:15,82379624,19531,5818,0
2016-03-25 16:44:25,82543884,19570,5832,0
2016-03-25 16:44:36,82685694,19603,5843,0
2016-03-25 16:44:46,82803414,19631,5851,0
2016-03-25 16:44:56,83016911,19682,5869,0
2016-03-25 16:45:06,83158688,19716,5876,0
2016-03-25 16:45:16,83346667,19760,5890,0
2016-03-25 16:45:27,83495227,19796,5897,0
2016-03-25 16:45:37,83652560,19833,5914,0
2016-03-25 16:45:47,83771440,19862,5923,0
2016-03-25 16:45:57,83948195,19903,5937,0
2016-03-25 16:46:08,84098779,19939,5946,0
2016-03-25 16:46:18,84228576,19969,5954,0
2016-03-25 16:46:28,84372831,20004,5967,0
2016-03-25 16:46:38,84518771,20038,5978,0
2016-03-25 16:46:49,84641232,20067,5983,0
2016-03-25 16:46:59,84824867,20111,5997,0
2016-03-25 16:47:09,84991285,20150,6008,0
2016-03-25 16:47:19,85111498,20179,6015,0
2016-03-25 16:47:30,85284688,20220,6027,0
2016-03-25 16:47:40,85422756,20252,6042,0
2016-03-25 16:47:50,85576068,20289,6050,0
2016-03-25 16:48:00,85730205,20326,6057,0
2016-03-25 16:48:11,85873628,20359,6069,0
2016-03-25 16:48:21,86052284,20402,6082,0
2016-03-25 16:48:31,86211202,20439,6094,0
2016-03-25 16:48:41,86360104,20475,6106,0
2016-03-25 16:48:52,86510750,20510,6115,0
2016-03-25 16:49:02,86664286,20547,6126,0
2016-03-25 16:49:12,86834576,20587,6140,0
2016-03-25 16:49:23,86986555,20624,6150,0
2016-03-25 16:49:33,87113931,20653,6156,0
2016-03-25 16:49:44,87251430,20687,6170,0
2016-03-25 16:49:54,87415793,20725,6180,0
2016-03-25 16:50:04,87589244,20766,6189,0
2016-03-25 16:50:14,87723795,20798,6201,0
2016-03-25 16:50:25,87864918,20831,6210,0
2016-03-25 16:50:35,88044258,20874,6224,0
2016-03-25 16:50:45,88219870,20916,6235,0
2016-03-25 16:50:55,88335119,20943,6240,0
2016-03-25 16:51:06,88523815,20988,6256,0
2016-03-25 16:51:16,88680889,21025,6265,0
2016-03-25 16:51:26,88832960,21061,6277,0
2016-03-25 16:51:36,88988713,21098,6284,0
2016-03-25 16:51:47,89133680,21132,6302,0
2016-03-25 16:51:57,89283762,21168,6307,0
2016-03-25 16:52:07,89417552,21200,6321,0
2016-03-25 16:52:17,89544935,21230,6330,0
2016-03-25 16:52:27,89736811,21275,6339,0
2016-03-25 16:52:38,89918466,21318,6356,0
2016-03-25 16:52:48,90014799,21341,6366,0
2016-03-25 16:52:58,90212693,21388,6376,0
2016-03-25 16:53:08,90308730,21411,6386,0
2016-03-25 16:53:18,90402049,21433,6393,0
2016-03-25 16:53:29,90490070,21454,6397,0
2016-03-25 16:53:39,90579923,21475,6402,0
2016-03-25 16:53:49,90698920,21503,6414,0
2016-03-25 16:53:59,90757320,21517,6416,0
2016-03-25 16:54:09,90876317,21545,6425,0
2016-03-25 16:54:19,90965792,21567,6432,0
2016-03-25 16:54:30,91080209,21594,6434,0
2016-03-25 16:54:40,91148362,21610,6441,0
2016-03-25 16:54:50,91270540,21639,6454,0
2016-03-25 16:55:00,91359213,21660,6460,0
2016-03-25 16:55:10,91446871,21681,6467,0
2016-03-25 16:55:20,91565868,21709,6469,0
2016-03-25 16:55:31,91655285,21730,6481,0
2016-03-25 16:55:41,91748604,21752,6488,0
2016-03-25 16:55:51,91838021,21773,6494,0
2016-03-25 16:56:01,91907123,21790,6497,0
2016-03-25 16:56:11,92024094,21817,6506,0
2016-03-25 16:56:21,92109089,21838,6513,0
2016-03-25 16:56:32,92228086,21866,6518,0
2016-03-25 16:56:42,92287544,21880,6525,0
2016-03-25 16:56:52,92413051,21910,6535,0
2016-03-25 16:57:02,92524216,21936,6539,0
2016-03-25 16:57:12,92616069,21958,6548,0
2016-03-25 16:57:22,92679964,21973,6552,0
2016-03-25 16:57:32,92798266,22001,6562,0
2016-03-25 16:57:43,92879585,22020,6562,0
2016-03-25 16:57:53,93001938,22049,6575,0
2016-03-25 16:58:03,93091803,22071,6580,0
2016-03-25 16:58:13,93181278,22092,6587,0
2016-03-25 16:58:23,93181278,22092,6587,0
2016-03-25 16:58:34,93181278,22092,6587,0
2016-03-25 16:58:44,93181278,22092,6587,0
2016-03-25 16:58:54,93181278,22092,6589,0
2016-03-25 16:59:04,93181278,22092,6589,0
2016-03-25 16:59:15,93181278,22092,6589,0
2016-03-25 16:59:25,93181278,22092,6589,0
2016-03-25 16:59:35,93181278,22092,6589,0
2016-03-25 16:59:46,93181278,22092,6589,0
2016-03-25 16:59:56,93181278,22092,6589,0
2016-03-25 17:00:06,93181278,22092,6589,0
2016-03-25 17:00:17,93181278,22092,6589,0
2016-03-25 17:00:27,93181278,22092,6589,0
2016-03-25 17:00:37,93181278,22092,6589,0
2016-03-25 17:00:48,93181278,22092,6589,0
2016-03-25 17:00:58,93181278,22092,6589,0
2016-03-25 17:01:08,93181278,22092,6589,0
2016-03-25 17:01:18,93181278,22092,6589,0
2016-03-25 17:01:29,93181278,22092,6589,0
2016-03-25 17:01:39,93181278,22092,6589,0
2016-03-25 17:01:49,93181278,22092,6589,0
2016-03-25 17:01:59,93181278,22092,6589,0
2016-03-25 17:02:10,93181278,22092,6589,0
2016-03-25 17:02:20,93181278,22092,6589,0
2016-03-25 17:02:30,93181278,22092,6589,0
2016-03-25 17:02:41,93181278,22092,6589,0
2016-03-25 17:02:51,93181278,22092,6589,0
2016-03-25 17:03:01,93181278,22092,6589,0
2016-03-25 17:03:12,93181278,22092,6589,0
2016-03-25 17:03:22,93181278,22092,6589,0
2016-03-25 17:03:32,93181278,22092,6589,0
2016-03-25 17:03:42,93181278,22092,6589,0
2016-03-25 17:03:53,93181278,22092,6589,0
2016-03-25 17:04:03,93181278,22092,6589,0
2016-03-25 17:04:13,93181278,22092,6589,0
2016-03-25 17:04:24,93181278,22092,6589,0
2016-03-25 17:04:34,93181278,22092,6589,0
2016-03-25 17:04:44,93181278,22092,6589,0
2016-03-25 17:04:54,93181278,22092,6589,0
2016-03-25 17:05:05,93181278,22092,6589,0
2016-03-25 17:05:15,93181278,22092,6589,0
2016-03-25 17:05:25,93181278,22092,6589,0
2016-03-25 17:05:36,93181278,22092,6589,0
2016-03-25 17:05:46,93181278,22092,6589,0
2016-03-25 17:05:56,93181278,22092,6589,0
2016-03-25 17:06:06,93181278,22092,6589,0
2016-03-25 17:06:17,93181278,22092,6589,0
2016-03-25 17:06:27,93181278,22092,6589,0
2016-03-25 17:06:37,93181278,22092,6589,0
2016-03-25 17:06:48,93181278,22092,6589,0
2016-03-25 17:06:58,93181278,22092,6589,0
2016-03-25 17:07:08,93181278,22092,6589,0
2016-03-25 17:07:19,93181278,22092,6589,0
2016-03-25 17:07:29,93181278,22092,6589,0
2016-03-25 17:07:39,93181278,22092,6589,0
2016-03-25 17:07:50,93181278,22092,6589,0
2016-03-25 17:08:00,93181278,22092,6589,0
2016-03-25 17:08:10,93181278,22092,6589,0
2016-03-25 17:08:20,93181278,22092,6589,0
2016-03-25 17:08:31,93181278,22092,6589,0
2016-03-25 17:08:41,93181278,22092,6589,0
2016-03-25 17:08:51,93181278,22092,6589,0
2016-03-25 17:09:02,93181278,22092,6589,0
2016-03-25 17:09:12,93181278,22092,6589,0
2016-03-25 17:09:22,93181278,22092,6589,0
2016-03-25 17:09:32,93181278,22092,6589,0
2016-03-25 17:09:43,93181278,22092,6589,0
2016-03-25 17:09:53,93181278,22092,6589,0
2016-03-25 17:10:03,93181278,22092,6589,0
2016-03-25 17:10:13,93181278,22092,6589,0
2016-03-25 17:10:24,93181278,22092,6589,0
2016-03-25 17:10:34,93181278,22092,6589,0
2016-03-25 17:10:44,93181278,22092,6589,0
2016-03-25 17:10:55,93181278,22092,6589,0
2016-03-25 17:11:05,93181278,22092,6589,0
2016-03-25 17:11:15,93181278,22092,6589,0
2016-03-25 17:11:25,93181278,22092,6589,0
2016-03-25 17:11:36,93181278,22092,6589,0
2016-03-25 17:11:46,93181278,22092,6589,0
2016-03-25 17:11:56,93181278,22092,6589,0
2016-03-25 17:12:07,93181278,22092,6589,0
2016-03-25 17:12:17,93181278,22092,6589,0
2016-03-25 17:12:27,93181278,22092,6589,0
2016-03-25 17:12:37,93181278,22092,6589,0
2016-03-25 17:12:48,93181278,22092,6589,0
2016-03-25 17:12:58,93181278,22092,6589,0
2016-03-25 17:13:08,93181278,22092,6589,0
2016-03-25 17:13:18,93181278,22092,6589,0
2016-03-25 17:13:29,93181278,22092,6589,0
2016-03-25 17:13:39,93181278,22092,6589,0
2016-03-25 17:13:49,93181278,22092,6589,0
2016-03-25 17:14:00,93181278,22092,6589,0
2016-03-25 17:14:10,93181278,22092,6589,0
2016-03-25 17:14:20,93181278,22092,6589,0
2016-03-25 17:14:31,93181278,22092,6589,0
2016-03-25 17:14:41,93181278,22092,6589,0
2016-03-25 17:14:51,93181278,22092,6589,0
2016-03-25 17:15:01,93181278,22092,6589,0
2016-03-25 17:15:12,93181278,22092,6589,0
2016-03-25 17:15:22,93181278,22092,6589,0
2016-03-25 17:15:32,93181278,22092,6589,0
2016-03-25 17:15:43,93181278,22092,6589,0
2016-03-25 17:15:53,93181278,22092,6589,0
2016-03-25 17:16:03,93181278,22092,6589,0
2016-03-25 17:16:14,93181278,22092,6589,0
2016-03-25 17:16:24,93181278,22092,6589,0
2016-03-25 17:16:34,93181278,22092,6589,0
2016-03-25 17:16:44,93181278,22092,6589,0
2016-03-25 17:16:55,93181278,22092,6589,0
2016-03-25 17:17:05,93181278,22092,6589,0
2016-03-25 17:17:15,93181278,22092,6589,0
2016-03-25 17:17:25,93181278,22092,6589,0
2016-03-25 17:17:36,93181278,22092,6589,0
2016-03-25 17:17:46,93181278,22092,6589,0
2016-03-25 17:17:56,93181278,22092,6589,0
2016-03-25 17:18:06,93181278,22092,6589,0
2016-03-25 17:18:17,93181278,22092,6589,0
2016-03-25 17:18:27,93181278,22092,6589,0
2016-03-25 17:18:37,93181278,22092,6589,0
2016-03-25 17:18:48,93181278,22092,6589,0
2016-03-25 17:18:58,93181278,22092,6589,0
2016-03-25 17:19:08,93181278,22092,6589,0
2016-03-25 17:19:19,93181278,22092,6589,0
2016-03-25 17:19:29,93181278,22092,6589,0
2016-03-25 17:19:39,93181278,22092,6589,0
2016-03-25 17:19:49,93181278,22092,6589,0
2016-03-25 17:20:00,93181278,22092,6589,0
2016-03-25 17:20:10,93181278,22092,6589,0
2016-03-25 17:20:20,93181278,22092,6589,0
2016-03-25 17:20:31,93181278,22092,6589,0
2016-03-25 17:20:41,93181278,22092,6589,0
2016-03-25 17:20:51,93181278,22092,6589,0
2016-03-25 17:21:01,93181278,22092,6589,0
2016-03-25 17:21:12,93181278,22092,6589,0
2016-03-25 17:21:22,93181278,22092,6589,0
2016-03-25 17:21:32,93181278,22092,6589,0
2016-03-25 17:21:42,93181278,22092,6589,0
2016-03-25 17:21:53,93181278,22092,6589,0
2016-03-25 17:22:03,93181278,22092,6589,0
2016-03-25 17:22:13,93181278,22092,6589,0
2016-03-25 17:22:24,93181278,22092,6589,0
2016-03-25 17:22:34,93181278,22092,6589,0
2016-03-25 17:22:44,93181278,22092,6589,0
2016-03-25 17:22:54,93181278,22092,6589,0
2016-03-25 17:23:05,93181278,22092,6589,0
2016-03-25 17:23:15,93181278,22092,6589,0
2016-03-25 17:23:25,93181278,22092,6589,0
2016-03-25 17:23:36,93181278,22092,6589,0
2016-03-25 17:23:46,93181278,22092,6589,0
2016-03-25 17:23:56,93181278,22092,6589,0
2016-03-25 17:24:07,93181278,22092,6589,0
2016-03-25 17:24:17,93181278,22092,6589,0
2016-03-25 17:24:27,93181278,22092,6589,0
2016-03-25 17:24:37,93181278,22092,6589,0
2016-03-25 17:24:48,93181278,22092,6589,0
2016-03-25 17:24:58,93181278,22092,6589,0
2016-03-25 17:25:08,93181278,22092,6589,0
2016-03-25 17:25:19,93181278,22092,6589,0
2016-03-25 17:25:29,93181278,22092,6589,0
2016-03-25 17:25:39,93181278,22092,6589,0
2016-03-25 17:25:49,93181278,22092,6589,0
2016-03-25 17:26:00,93181278,22092,6589,0
2016-03-25 17:26:10,93181278,22092,6589,0
2016-03-25 17:26:20,93181278,22092,6589,0
2016-03-25 17:26:31,93181278,22092,6589,0
2016-03-25 17:26:41,93181278,22092,6589,0
2016-03-25 17:26:51,93181278,22092,6589,0
2016-03-25 17:27:02,93181278,22092,6589,0
2016-03-25 17:27:12,93181278,22092,6589,0
2016-03-25 17:27:22,93181278,22092,6589,0
2016-03-25 17:27:32,93181278,22092,6589,0
2016-03-25 17:27:43,93181278,22092,6589,0
2016-03-25 17:27:53,93181278,22092,6589,0
2016-03-25 17:28:03,93181278,22092,6589,0
2016-03-25 17:28:14,93181278,22092,6589,0
2016-03-25 17:28:24,93181278,22092,6589,0
2016-03-25 17:28:34,93181278,22092,6589,0
2016-03-25 17:28:44,93181278,22092,6589,0
2016-03-25 17:28:55,93181278,22092,6589,0
2016-03-25 17:29:05,93181278,22092,6589,0
2016-03-25 17:29:15,93181278,22092,6589,0
2016-03-25 17:29:25,93181278,22092,6589,0
2016-03-25 17:29:36,93181278,22092,6589,0
2016-03-25 17:29:46,93181278,22092,6589,0
2016-03-25 17:29:56,93181278,22092,6589,0
2016-03-25 17:30:06,93181278,22092,6589,0
